<?xml version="1.0" encoding="UTF-8"?>
<testsuite xmlns:xsi="http://www.w3.org/2001/XMLSchema-instance" xsi:noNamespaceSchemaLocation="https://maven.apache.org/surefire/maven-surefire-plugin/xsd/surefire-test-report-3.0.xsd" version="3.0" name="com.chatflow.server.controller.HealthControllerTest" time="0.55" tests="1" errors="0" skipped="0" failures="0">
  <properties>
[...]
</properties>
  <testcase name="healthEndpoint_returnsUp" classname="com.chatflow.server.controller.HealthControllerTest" time="0.213">
    <system-out><![CDATA[2026-03-08T10:15:37.803-07:00  INFO 20548 --- [           main] t.c.s.AnnotationConfigContextLoaderUtils : Could not detect default configuration classes for test class [com.chatflow.server.controller.HealthControllerTest]: HealthControllerTest does not declare any static, non-private, non-final, nested classes annotated with @Configuration.
2026-03-08T10:15:37.827-07:00  INFO 20548 --- [           main] .b.t.c.SpringBootTestContextBootstrapper : Found @SpringBootConfiguration com.chatflow.server.ChatFlowServerApplication for test class com.chatflow.server.controller.HealthControllerTest

  .   ____          _            __ _ _
 /\\ / ___'_ __ _ _(_)_ __  __ _ \ \ \ \
( ( )\___ | '_ | '_| | '_ \/ _` | \ \ \ \
 \\/  ___)| |_)| | | | | || (_| |  ) ) ) )
  '  |____| .__|_| |_|_| |_\__, | / / / /
 =========|_|==============|___/=/_/_/_/
 :: Spring Boot ::                (v3.2.2)

2026-03-08T10:15:37.854-07:00  INFO 20548 --- [           main] c.c.s.controller.HealthControllerTest    : Starting HealthControllerTest using Java 21.0.4 with PID 20548 (started by jiazh in D:\NEU\2026Spring\6650DistributedSystem\6650-ChatFlow-A2\server-v2)
2026-03-08T10:15:37.854-07:00  INFO 20548 --- [           main] c.c.s.controller.HealthControllerTest    : No active profile set, falling back to 1 default profile: "default"
2026-03-08T10:15:38.005-07:00  INFO 20548 --- [           main] o.s.b.w.embedded.tomcat.TomcatWebServer  : Tomcat initialized with port 0 (http)
2026-03-08T10:15:38.007-07:00  INFO 20548 --- [           main] o.apache.catalina.core.StandardService   : Starting service [Tomcat]
2026-03-08T10:15:38.007-07:00  INFO 20548 --- [           main] o.apache.catalina.core.StandardEngine    : Starting Servlet engine: [Apache Tomcat/10.1.18]
2026-03-08T10:15:38.035-07:00  INFO 20548 --- [           main] o.a.c.c.C.[Tomcat-1].[localhost].[/]     : Initializing Spring embedded WebApplicationContext
2026-03-08T10:15:38.035-07:00  INFO 20548 --- [           main] w.s.c.ServletWebServerApplicationContext : Root WebApplicationContext: initialization completed in 178 ms
Standard Commons Logging discovery in action with spring-jcl: please remove commons-logging.jar from classpath in order to avoid potential conflicts
2026-03-08T10:15:38.104-07:00  INFO 20548 --- [           main] o.a.c.c.C.[Tomcat-1].[localhost].[/]     : Initializing Spring TestDispatcherServlet ''
2026-03-08T10:15:38.105-07:00  INFO 20548 --- [           main] o.s.t.web.servlet.TestDispatcherServlet  : Initializing Servlet ''
2026-03-08T10:15:38.105-07:00  INFO 20548 --- [           main] o.s.t.web.servlet.TestDispatcherServlet  : Completed initialization in 0 ms
2026-03-08T10:15:38.130-07:00  INFO 20548 --- [           main] o.s.b.w.embedded.tomcat.TomcatWebServer  : Tomcat started on port 56229 (http) with context path ''
2026-03-08T10:15:38.133-07:00  INFO 20548 --- [           main] c.c.s.controller.HealthControllerTest    : Started HealthControllerTest in 0.302 seconds (process running for 3.591)
]]></system-out>
  </testcase>
</testsuite>